2018-09-20 5:36:06 - PHP Notice:  Undefined index: payment_method in /Users/user/www/projects/weapp/live/catalog/controller/extension/payment/cod_order_fee.php on line 18
2018-09-20 5:36:07 - PHP Notice:  Undefined index: order_id in /Users/user/www/projects/weapp/live/catalog/controller/checkout/success.php on line 5
2018-09-20 5:40:46 - PHP Warning:  error_log() expects parameter 1 to be string, array given in /Users/user/www/projects/weapp/live/catalog/controller/rest/simple_confirm.php on line 441
2018-09-20 5:40:50 - PHP Warning:  error_log() expects parameter 1 to be string, array given in /Users/user/www/projects/weapp/live/catalog/controller/rest/simple_confirm.php on line 441
2018-09-20 5:40:51 - PHP Notice:  Undefined index: payment_method in /Users/user/www/projects/weapp/live/catalog/controller/extension/payment/cod_order_fee.php on line 18
2018-09-20 5:40:52 - PHP Notice:  Undefined index: order_id in /Users/user/www/projects/weapp/live/catalog/controller/checkout/success.php on line 5
2018-09-20 5:41:43 - PHP Notice:  Undefined index: payment_method in /Users/user/www/projects/weapp/live/catalog/controller/extension/payment/cod_order_fee.php on line 18
2018-09-20 5:41:43 - PHP Notice:  Undefined index: order_id in /Users/user/www/projects/weapp/live/catalog/controller/checkout/success.php on line 5
2018-09-20 5:48:53 - PHP Notice:  Undefined index: payment_method in /Users/user/www/projects/weapp/live/catalog/controller/extension/payment/cod_order_fee.php on line 18
2018-09-20 5:48:53 - PHP Notice:  Undefined index: order_id in /Users/user/www/projects/weapp/live/catalog/controller/checkout/success.php on line 5
2018-09-20 6:08:41 - PHP Notice:  Undefined index: order_id in /Users/user/www/projects/weapp/live/catalog/controller/checkout/success.php on line 5
2018-09-20 6:10:58 - PHP Notice:  Undefined index: payment_method in /Users/user/www/projects/weapp/live/catalog/controller/extension/payment/cod_order_fee.php on line 18
2018-09-20 6:10:59 - PHP Notice:  Undefined index: order_id in /Users/user/www/projects/weapp/live/catalog/controller/checkout/success.php on line 5
2018-09-20 6:15:42 - PHP Notice:  Undefined index: payment_method in /Users/user/www/projects/weapp/live/catalog/controller/extension/payment/cod_order_fee.php on line 19
2018-09-20 6:15:43 - PHP Notice:  Undefined index: order_id in /Users/user/www/projects/weapp/live/catalog/controller/checkout/success.php on line 5
2018-09-20 6:16:25 - PHP Notice:  Undefined index: payment_method in /Users/user/www/projects/weapp/live/catalog/controller/extension/payment/cod_order_fee.php on line 20
2018-09-20 6:16:25 - PHP Notice:  Undefined index: order_id in /Users/user/www/projects/weapp/live/catalog/controller/checkout/success.php on line 5
2018-09-20 6:18:08 - PHP Notice:  Undefined index: payment_method in /Users/user/www/projects/weapp/live/catalog/controller/extension/payment/cod_order_fee.php on line 20
2018-09-20 6:18:10 - PHP Notice:  Undefined index: order_id in /Users/user/www/projects/weapp/live/catalog/controller/checkout/success.php on line 5
2018-09-20 6:39:41 - PHP Notice:  Undefined index: order_id in /Users/user/www/projects/weapp/live/catalog/controller/checkout/success.php on line 5
2018-09-20 6:42:22 - PHP Notice:  Undefined index: order_id in /Users/user/www/projects/weapp/live/catalog/controller/checkout/success.php on line 5
2018-09-20 6:42:48 - PHP Notice:  Undefined index: order_id in /Users/user/www/projects/weapp/live/catalog/controller/checkout/success.php on line 5
2018-09-20 6:46:01 - PHP Notice:  Undefined index: order_id in /Users/user/www/projects/weapp/live/catalog/controller/checkout/success.php on line 5
2018-09-20 6:47:33 - PHP Notice:  Undefined index: order_id in /Users/user/www/projects/weapp/live/catalog/controller/checkout/success.php on line 5
2018-09-20 6:48:33 - PHP Notice:  Undefined index: order_id in /Users/user/www/projects/weapp/live/catalog/controller/checkout/success.php on line 5
2018-09-20 6:54:54 - PHP Notice:  Undefined index: order_id in /Users/user/www/projects/weapp/live/catalog/controller/checkout/success.php on line 5
2018-09-20 6:56:24 - PHP Notice:  Undefined index: order_id in /Users/user/www/projects/weapp/live/catalog/controller/checkout/success.php on line 5
2018-09-20 6:56:48 - PHP Warning:  unlink(/Users/user/www/projects/weapp/live/storage/cache/cache.catalog.language.1537430208): No such file or directory in /Users/user/www/projects/weapp/live/system/library/cache/file.php on line 68
2018-09-20 6:56:48 - PHP Warning:  Cannot modify header information - headers already sent by (output started at /Users/user/www/projects/weapp/live/system/framework.php:42) in /Users/user/www/projects/weapp/live/catalog/controller/startup/startup.php on line 99
2018-09-20 6:56:48 - PHP Warning:  Cannot modify header information - headers already sent by (output started at /Users/user/www/projects/weapp/live/system/framework.php:42) in /Users/user/www/projects/weapp/live/catalog/controller/startup/startup.php on line 157
2018-09-20 7:01:26 - PHP Notice:  Undefined index: order_id in /Users/user/www/projects/weapp/live/catalog/controller/checkout/success.php on line 5
2018-09-20 7:07:50 - PHP Notice:  Undefined index: order_id in /Users/user/www/projects/weapp/live/catalog/controller/checkout/success.php on line 5
2018-09-20 7:17:32 - PHP Notice:  Undefined index: order_id in /Users/user/www/projects/weapp/live/catalog/controller/checkout/success.php on line 5
2018-09-20 7:26:08 - PHP Notice:  Undefined index: order_id in /Users/user/www/projects/weapp/live/catalog/controller/checkout/success.php on line 5
2018-09-20 7:32:40 - PHP Notice:  Undefined index: order_id in /Users/user/www/projects/weapp/live/catalog/controller/checkout/success.php on line 5
2018-09-20 7:57:27 - PHP Warning:  unlink(/Users/user/www/projects/weapp/live/storage/cache/cache.catalog.language.1537433847): No such file or directory in /Users/user/www/projects/weapp/live/system/library/cache/file.php on line 68
2018-09-20 7:57:42 - PHP Warning:  unlink(/Users/user/www/projects/weapp/live/storage/cache/cache.catalog.language.1537433859): No such file or directory in /Users/user/www/projects/weapp/live/system/library/cache/file.php on line 68
2018-09-20 7:57:42 - PHP Warning:  Cannot modify header information - headers already sent by (output started at /Users/user/www/projects/weapp/live/system/framework.php:42) in /Users/user/www/projects/weapp/live/catalog/controller/startup/startup.php on line 99
2018-09-20 7:57:42 - PHP Warning:  Cannot modify header information - headers already sent by (output started at /Users/user/www/projects/weapp/live/system/framework.php:42) in /Users/user/www/projects/weapp/live/catalog/controller/startup/startup.php on line 157
2018-09-20 7:58:49 - PHP Notice:  Undefined variable: data in /Users/user/www/projects/weapp/live/catalog/controller/rest/simple_confirm.php on line 22
2018-09-20 7:58:50 - PHP Notice:  Undefined index: order_id in /Users/user/www/projects/weapp/live/catalog/controller/checkout/success.php on line 5
2018-09-20 8:09:04 - PHP Notice:  Undefined index: order_id in /Users/user/www/projects/weapp/live/catalog/controller/checkout/success.php on line 5
2018-09-20 8:10:34 - PHP Notice:  Undefined index: order_id in /Users/user/www/projects/weapp/live/catalog/controller/checkout/success.php on line 5
2018-09-20 8:21:41 - PHP Notice:  Undefined index: order_id in /Users/user/www/projects/weapp/live/catalog/controller/checkout/success.php on line 5
2018-09-20 8:24:08 - PHP Warning:  unlink(/Users/user/www/projects/weapp/live/storage/cache/cache.catalog.language.1537435448): No such file or directory in /Users/user/www/projects/weapp/live/system/library/cache/file.php on line 68
2018-09-20 8:24:08 - PHP Warning:  Cannot modify header information - headers already sent by (output started at /Users/user/www/projects/weapp/live/system/framework.php:42) in /Users/user/www/projects/weapp/live/catalog/controller/startup/startup.php on line 99
2018-09-20 8:24:08 - PHP Warning:  Cannot modify header information - headers already sent by (output started at /Users/user/www/projects/weapp/live/system/framework.php:42) in /Users/user/www/projects/weapp/live/catalog/controller/startup/startup.php on line 157
2018-09-20 8:33:01 - PHP Warning:  unlink(/Users/user/www/projects/weapp/live/storage/cache/cache.catalog.language.1537435981): No such file or directory in /Users/user/www/projects/weapp/live/system/library/cache/file.php on line 68
2018-09-20 8:33:01 - PHP Warning:  Cannot modify header information - headers already sent by (output started at /Users/user/www/projects/weapp/live/system/framework.php:42) in /Users/user/www/projects/weapp/live/catalog/controller/startup/startup.php on line 99
2018-09-20 8:33:01 - PHP Warning:  Cannot modify header information - headers already sent by (output started at /Users/user/www/projects/weapp/live/system/framework.php:42) in /Users/user/www/projects/weapp/live/catalog/controller/startup/startup.php on line 157
2018-09-20 8:58:36 - PHP Warning:  unlink(/Users/user/www/projects/weapp/live/storage/cache/cache.catalog.language.1537437516): No such file or directory in /Users/user/www/projects/weapp/live/system/library/cache/file.php on line 68
2018-09-20 10:12:20 - PHP Warning:  unlink(/Users/user/www/projects/weapp/live/storage/cache/cache.catalog.language.1537441940): No such file or directory in /Users/user/www/projects/weapp/live/system/library/cache/file.php on line 68
2018-09-20 10:12:20 - PHP Warning:  Cannot modify header information - headers already sent by (output started at /Users/user/www/projects/weapp/live/system/framework.php:42) in /Users/user/www/projects/weapp/live/catalog/controller/startup/startup.php on line 99
2018-09-20 10:12:20 - PHP Warning:  Cannot modify header information - headers already sent by (output started at /Users/user/www/projects/weapp/live/system/framework.php:42) in /Users/user/www/projects/weapp/live/catalog/controller/startup/startup.php on line 157
2018-09-20 17:47:38 - PHP Notice:  Undefined index: scheme in /Users/user/www/projects/weapp/live/catalog/controller/startup/seo_url.php on line 122
2018-09-20 17:47:38 - PHP Notice:  Undefined index: host in /Users/user/www/projects/weapp/live/catalog/controller/startup/seo_url.php on line 122
2018-09-20 17:47:38 - PHP Notice:  Undefined index: scheme in /Users/user/www/projects/weapp/live/catalog/controller/startup/seo_url.php on line 122
2018-09-20 17:47:38 - PHP Notice:  Undefined index: host in /Users/user/www/projects/weapp/live/catalog/controller/startup/seo_url.php on line 122
2018-09-20 17:47:38 - PHP Notice:  Undefined index: scheme in /Users/user/www/projects/weapp/live/catalog/controller/startup/seo_url.php on line 122
2018-09-20 17:47:38 - PHP Notice:  Undefined index: host in /Users/user/www/projects/weapp/live/catalog/controller/startup/seo_url.php on line 122
2018-09-20 17:47:38 - PHP Notice:  Undefined index: scheme in /Users/user/www/projects/weapp/live/catalog/controller/startup/seo_url.php on line 122
2018-09-20 17:47:38 - PHP Notice:  Undefined index: host in /Users/user/www/projects/weapp/live/catalog/controller/startup/seo_url.php on line 122
2018-09-20 17:47:38 - PHP Notice:  Undefined index: scheme in /Users/user/www/projects/weapp/live/catalog/controller/startup/seo_url.php on line 122
2018-09-20 17:47:38 - PHP Notice:  Undefined index: host in /Users/user/www/projects/weapp/live/catalog/controller/startup/seo_url.php on line 122
2018-09-20 17:47:38 - PHP Notice:  Undefined index: scheme in /Users/user/www/projects/weapp/live/catalog/controller/startup/seo_url.php on line 122
2018-09-20 17:47:38 - PHP Notice:  Undefined index: host in /Users/user/www/projects/weapp/live/catalog/controller/startup/seo_url.php on line 122
2018-09-20 17:47:38 - PHP Notice:  Undefined index: scheme in /Users/user/www/projects/weapp/live/catalog/controller/startup/seo_url.php on line 122
2018-09-20 17:47:38 - PHP Notice:  Undefined index: host in /Users/user/www/projects/weapp/live/catalog/controller/startup/seo_url.php on line 122
2018-09-20 17:47:38 - PHP Notice:  Undefined index: scheme in /Users/user/www/projects/weapp/live/catalog/controller/startup/seo_url.php on line 122
2018-09-20 17:47:38 - PHP Notice:  Undefined index: host in /Users/user/www/projects/weapp/live/catalog/controller/startup/seo_url.php on line 122
2018-09-20 17:47:38 - PHP Notice:  Undefined index: scheme in /Users/user/www/projects/weapp/live/catalog/controller/startup/seo_url.php on line 122
2018-09-20 17:47:38 - PHP Notice:  Undefined index: host in /Users/user/www/projects/weapp/live/catalog/controller/startup/seo_url.php on line 122
2018-09-20 17:47:38 - PHP Notice:  Undefined index: scheme in /Users/user/www/projects/weapp/live/catalog/controller/startup/seo_url.php on line 122
2018-09-20 17:47:38 - PHP Notice:  Undefined index: host in /Users/user/www/projects/weapp/live/catalog/controller/startup/seo_url.php on line 122
2018-09-20 17:47:38 - PHP Notice:  Undefined index: scheme in /Users/user/www/projects/weapp/live/catalog/controller/startup/seo_url.php on line 122
2018-09-20 17:47:38 - PHP Notice:  Undefined index: host in /Users/user/www/projects/weapp/live/catalog/controller/startup/seo_url.php on line 122
2018-09-20 17:47:38 - PHP Notice:  Undefined index: scheme in /Users/user/www/projects/weapp/live/catalog/controller/startup/seo_url.php on line 122
2018-09-20 17:47:38 - PHP Notice:  Undefined index: host in /Users/user/www/projects/weapp/live/catalog/controller/startup/seo_url.php on line 122
2018-09-20 17:47:38 - PHP Notice:  Undefined index: scheme in /Users/user/www/projects/weapp/live/catalog/controller/startup/seo_url.php on line 122
2018-09-20 17:47:38 - PHP Notice:  Undefined index: host in /Users/user/www/projects/weapp/live/catalog/controller/startup/seo_url.php on line 122
2018-09-20 17:47:38 - PHP Notice:  Undefined index: scheme in /Users/user/www/projects/weapp/live/catalog/controller/startup/seo_url.php on line 122
2018-09-20 17:47:38 - PHP Notice:  Undefined index: host in /Users/user/www/projects/weapp/live/catalog/controller/startup/seo_url.php on line 122
2018-09-20 17:47:38 - PHP Notice:  Undefined index: scheme in /Users/user/www/projects/weapp/live/catalog/controller/startup/seo_url.php on line 122
2018-09-20 17:47:38 - PHP Notice:  Undefined index: host in /Users/user/www/projects/weapp/live/catalog/controller/startup/seo_url.php on line 122
2018-09-20 17:47:38 - PHP Notice:  Undefined index: scheme in /Users/user/www/projects/weapp/live/catalog/controller/startup/seo_url.php on line 122
2018-09-20 17:47:38 - PHP Notice:  Undefined index: host in /Users/user/www/projects/weapp/live/catalog/controller/startup/seo_url.php on line 122
2018-09-20 17:47:38 - PHP Notice:  Undefined index: scheme in /Users/user/www/projects/weapp/live/catalog/controller/startup/seo_url.php on line 122
2018-09-20 17:47:38 - PHP Notice:  Undefined index: host in /Users/user/www/projects/weapp/live/catalog/controller/startup/seo_url.php on line 122
2018-09-20 17:47:38 - PHP Notice:  Undefined index: scheme in /Users/user/www/projects/weapp/live/catalog/controller/startup/seo_url.php on line 122
2018-09-20 17:47:38 - PHP Notice:  Undefined index: host in /Users/user/www/projects/weapp/live/catalog/controller/startup/seo_url.php on line 122
2018-09-20 17:47:38 - PHP Notice:  Undefined index: scheme in /Users/user/www/projects/weapp/live/catalog/controller/startup/seo_url.php on line 122
2018-09-20 17:47:38 - PHP Notice:  Undefined index: host in /Users/user/www/projects/weapp/live/catalog/controller/startup/seo_url.php on line 122
2018-09-20 17:47:38 - PHP Notice:  Undefined index: scheme in /Users/user/www/projects/weapp/live/catalog/controller/startup/seo_url.php on line 122
2018-09-20 17:47:38 - PHP Notice:  Undefined index: host in /Users/user/www/projects/weapp/live/catalog/controller/startup/seo_url.php on line 122
2018-09-20 17:47:38 - PHP Notice:  Undefined index: scheme in /Users/user/www/projects/weapp/live/catalog/controller/startup/seo_url.php on line 122
2018-09-20 17:47:38 - PHP Notice:  Undefined index: host in /Users/user/www/projects/weapp/live/catalog/controller/startup/seo_url.php on line 122
2018-09-20 17:47:38 - PHP Notice:  Undefined index: scheme in /Users/user/www/projects/weapp/live/catalog/controller/startup/seo_url.php on line 122
2018-09-20 17:47:38 - PHP Notice:  Undefined index: host in /Users/user/www/projects/weapp/live/catalog/controller/startup/seo_url.php on line 122
2018-09-20 17:47:38 - PHP Notice:  Undefined index: scheme in /Users/user/www/projects/weapp/live/catalog/controller/startup/seo_url.php on line 122
2018-09-20 17:47:38 - PHP Notice:  Undefined index: host in /Users/user/www/projects/weapp/live/catalog/controller/startup/seo_url.php on line 122
2018-09-20 17:47:38 - PHP Notice:  Undefined index: scheme in /Users/user/www/projects/weapp/live/catalog/controller/startup/seo_url.php on line 122
2018-09-20 17:47:38 - PHP Notice:  Undefined index: host in /Users/user/www/projects/weapp/live/catalog/controller/startup/seo_url.php on line 122
2018-09-20 17:48:37 - PHP Notice:  Undefined index: scheme in /Users/user/www/projects/weapp/live/catalog/controller/startup/seo_url.php on line 122
2018-09-20 17:48:37 - PHP Notice:  Undefined index: host in /Users/user/www/projects/weapp/live/catalog/controller/startup/seo_url.php on line 122
2018-09-20 17:48:37 - PHP Notice:  Undefined index: scheme in /Users/user/www/projects/weapp/live/catalog/controller/startup/seo_url.php on line 122
2018-09-20 17:48:37 - PHP Notice:  Undefined index: host in /Users/user/www/projects/weapp/live/catalog/controller/startup/seo_url.php on line 122
2018-09-20 17:48:37 - PHP Notice:  Undefined index: scheme in /Users/user/www/projects/weapp/live/catalog/controller/startup/seo_url.php on line 122
2018-09-20 17:48:37 - PHP Notice:  Undefined index: host in /Users/user/www/projects/weapp/live/catalog/controller/startup/seo_url.php on line 122
2018-09-20 17:48:37 - PHP Notice:  Undefined index: scheme in /Users/user/www/projects/weapp/live/catalog/controller/startup/seo_url.php on line 122
2018-09-20 17:48:37 - PHP Notice:  Undefined index: host in /Users/user/www/projects/weapp/live/catalog/controller/startup/seo_url.php on line 122
2018-09-20 17:48:37 - PHP Notice:  Undefined index: scheme in /Users/user/www/projects/weapp/live/catalog/controller/startup/seo_url.php on line 122
2018-09-20 17:48:37 - PHP Notice:  Undefined index: host in /Users/user/www/projects/weapp/live/catalog/controller/startup/seo_url.php on line 122
2018-09-20 17:48:37 - PHP Notice:  Undefined index: scheme in /Users/user/www/projects/weapp/live/catalog/controller/startup/seo_url.php on line 122
2018-09-20 17:48:37 - PHP Notice:  Undefined index: host in /Users/user/www/projects/weapp/live/catalog/controller/startup/seo_url.php on line 122
2018-09-20 17:48:37 - PHP Notice:  Undefined index: scheme in /Users/user/www/projects/weapp/live/catalog/controller/startup/seo_url.php on line 122
2018-09-20 17:48:37 - PHP Notice:  Undefined index: host in /Users/user/www/projects/weapp/live/catalog/controller/startup/seo_url.php on line 122
2018-09-20 17:48:37 - PHP Notice:  Undefined index: scheme in /Users/user/www/projects/weapp/live/catalog/controller/startup/seo_url.php on line 122
2018-09-20 17:48:37 - PHP Notice:  Undefined index: host in /Users/user/www/projects/weapp/live/catalog/controller/startup/seo_url.php on line 122
2018-09-20 17:48:37 - PHP Notice:  Undefined index: scheme in /Users/user/www/projects/weapp/live/catalog/controller/startup/seo_url.php on line 122
2018-09-20 17:48:37 - PHP Notice:  Undefined index: host in /Users/user/www/projects/weapp/live/catalog/controller/startup/seo_url.php on line 122
2018-09-20 17:48:37 - PHP Notice:  Undefined index: scheme in /Users/user/www/projects/weapp/live/catalog/controller/startup/seo_url.php on line 122
2018-09-20 17:48:37 - PHP Notice:  Undefined index: host in /Users/user/www/projects/weapp/live/catalog/controller/startup/seo_url.php on line 122
2018-09-20 17:48:37 - PHP Notice:  Undefined index: scheme in /Users/user/www/projects/weapp/live/catalog/controller/startup/seo_url.php on line 122
2018-09-20 17:48:37 - PHP Notice:  Undefined index: host in /Users/user/www/projects/weapp/live/catalog/controller/startup/seo_url.php on line 122
2018-09-20 17:48:37 - PHP Notice:  Undefined index: scheme in /Users/user/www/projects/weapp/live/catalog/controller/startup/seo_url.php on line 122
2018-09-20 17:48:37 - PHP Notice:  Undefined index: host in /Users/user/www/projects/weapp/live/catalog/controller/startup/seo_url.php on line 122
2018-09-20 17:48:37 - PHP Notice:  Undefined index: scheme in /Users/user/www/projects/weapp/live/catalog/controller/startup/seo_url.php on line 122
2018-09-20 17:48:37 - PHP Notice:  Undefined index: host in /Users/user/www/projects/weapp/live/catalog/controller/startup/seo_url.php on line 122
2018-09-20 17:48:37 - PHP Notice:  Undefined index: scheme in /Users/user/www/projects/weapp/live/catalog/controller/startup/seo_url.php on line 122
2018-09-20 17:48:37 - PHP Notice:  Undefined index: host in /Users/user/www/projects/weapp/live/catalog/controller/startup/seo_url.php on line 122
2018-09-20 17:48:37 - PHP Notice:  Undefined index: scheme in /Users/user/www/projects/weapp/live/catalog/controller/startup/seo_url.php on line 122
2018-09-20 17:48:37 - PHP Notice:  Undefined index: host in /Users/user/www/projects/weapp/live/catalog/controller/startup/seo_url.php on line 122
2018-09-20 17:48:37 - PHP Notice:  Undefined index: scheme in /Users/user/www/projects/weapp/live/catalog/controller/startup/seo_url.php on line 122
2018-09-20 17:48:37 - PHP Notice:  Undefined index: host in /Users/user/www/projects/weapp/live/catalog/controller/startup/seo_url.php on line 122
2018-09-20 17:48:37 - PHP Notice:  Undefined index: scheme in /Users/user/www/projects/weapp/live/catalog/controller/startup/seo_url.php on line 122
2018-09-20 17:48:37 - PHP Notice:  Undefined index: host in /Users/user/www/projects/weapp/live/catalog/controller/startup/seo_url.php on line 122
2018-09-20 17:48:37 - PHP Notice:  Undefined index: scheme in /Users/user/www/projects/weapp/live/catalog/controller/startup/seo_url.php on line 122
2018-09-20 17:48:37 - PHP Notice:  Undefined index: host in /Users/user/www/projects/weapp/live/catalog/controller/startup/seo_url.php on line 122
2018-09-20 17:48:37 - PHP Notice:  Undefined index: scheme in /Users/user/www/projects/weapp/live/catalog/controller/startup/seo_url.php on line 122
2018-09-20 17:48:37 - PHP Notice:  Undefined index: host in /Users/user/www/projects/weapp/live/catalog/controller/startup/seo_url.php on line 122
2018-09-20 17:48:37 - PHP Notice:  Undefined index: scheme in /Users/user/www/projects/weapp/live/catalog/controller/startup/seo_url.php on line 122
2018-09-20 17:48:37 - PHP Notice:  Undefined index: host in /Users/user/www/projects/weapp/live/catalog/controller/startup/seo_url.php on line 122
2018-09-20 17:48:37 - PHP Notice:  Undefined index: scheme in /Users/user/www/projects/weapp/live/catalog/controller/startup/seo_url.php on line 122
2018-09-20 17:48:37 - PHP Notice:  Undefined index: host in /Users/user/www/projects/weapp/live/catalog/controller/startup/seo_url.php on line 122
2018-09-20 17:48:37 - PHP Notice:  Undefined index: scheme in /Users/user/www/projects/weapp/live/catalog/controller/startup/seo_url.php on line 122
2018-09-20 17:48:37 - PHP Notice:  Undefined index: host in /Users/user/www/projects/weapp/live/catalog/controller/startup/seo_url.php on line 122
2018-09-20 17:48:37 - PHP Notice:  Undefined index: scheme in /Users/user/www/projects/weapp/live/catalog/controller/startup/seo_url.php on line 122
2018-09-20 17:48:37 - PHP Notice:  Undefined index: host in /Users/user/www/projects/weapp/live/catalog/controller/startup/seo_url.php on line 122
2018-09-20 17:48:37 - PHP Notice:  Undefined index: scheme in /Users/user/www/projects/weapp/live/catalog/controller/startup/seo_url.php on line 122
2018-09-20 17:48:37 - PHP Notice:  Undefined index: host in /Users/user/www/projects/weapp/live/catalog/controller/startup/seo_url.php on line 122
2018-09-21 6:29:14 - PHP Warning:  unlink(/Users/user/www/projects/weapp/live/storage/cache/cache.catalog.language.1537514954): No such file or directory in /Users/user/www/projects/weapp/live/system/library/cache/file.php on line 68
2018-09-21 6:55:41 - PHP Warning:  unlink(/Users/user/www/projects/weapp/live/storage/cache/cache.catalog.language.1537516540): No such file or directory in /Users/user/www/projects/weapp/live/system/library/cache/file.php on line 68
2018-09-21 6:55:41 - PHP Warning:  Cannot modify header information - headers already sent by (output started at /Users/user/www/projects/weapp/live/system/framework.php:42) in /Users/user/www/projects/weapp/live/catalog/controller/startup/startup.php on line 99
2018-09-21 6:55:41 - PHP Warning:  Cannot modify header information - headers already sent by (output started at /Users/user/www/projects/weapp/live/system/framework.php:42) in /Users/user/www/projects/weapp/live/catalog/controller/startup/startup.php on line 157
2018-09-21 7:10:10 - PHP Warning:  error_log() expects parameter 1 to be string, array given in /Users/user/www/projects/weapp/live/catalog/controller/rest/simple_confirm.php on line 68
2018-09-21 7:15:06 - PHP Warning:  unlink(/Users/user/www/projects/weapp/live/storage/cache/cache.catalog.language.1537517706): No such file or directory in /Users/user/www/projects/weapp/live/system/library/cache/file.php on line 68
2018-09-21 7:15:06 - PHP Warning:  Cannot modify header information - headers already sent by (output started at /Users/user/www/projects/weapp/live/system/framework.php:42) in /Users/user/www/projects/weapp/live/catalog/controller/startup/startup.php on line 99
2018-09-21 7:15:06 - PHP Warning:  Cannot modify header information - headers already sent by (output started at /Users/user/www/projects/weapp/live/system/framework.php:42) in /Users/user/www/projects/weapp/live/catalog/controller/startup/startup.php on line 157
2018-09-21 7:15:45 - PHP Warning:  error_log() expects parameter 1 to be string, array given in /Users/user/www/projects/weapp/live/catalog/controller/rest/simple_confirm.php on line 445
2018-09-21 7:16:06 - PHP Warning:  error_log() expects parameter 1 to be string, array given in /Users/user/www/projects/weapp/live/catalog/controller/rest/simple_confirm.php on line 445
2018-09-21 7:16:07 - PHP Warning:  error_log() expects parameter 1 to be string, array given in /Users/user/www/projects/weapp/live/catalog/controller/rest/simple_confirm.php on line 69
2018-09-21 7:34:38 - PHP Warning:  error_log() expects parameter 1 to be string, array given in /Users/user/www/projects/weapp/live/catalog/controller/rest/simple_confirm.php on line 448
2018-09-21 7:35:22 - PHP Warning:  error_log() expects parameter 1 to be string, array given in /Users/user/www/projects/weapp/live/catalog/controller/rest/simple_confirm.php on line 449
2018-09-21 7:35:23 - PHP Warning:  error_log() expects parameter 1 to be string, array given in /Users/user/www/projects/weapp/live/catalog/controller/rest/simple_confirm.php on line 22
2018-09-21 7:35:23 - PHP Warning:  error_log() expects parameter 1 to be string, array given in /Users/user/www/projects/weapp/live/catalog/controller/rest/simple_confirm.php on line 24
2018-09-21 7:36:59 - PHP Warning:  error_log() expects parameter 1 to be string, array given in /Users/user/www/projects/weapp/live/catalog/controller/rest/simple_confirm.php on line 449
2018-09-21 7:43:49 - PHP Warning:  error_log() expects parameter 1 to be string, array given in /Users/user/www/projects/weapp/live/catalog/controller/rest/simple_confirm.php on line 452
2018-09-21 7:47:02 - PHP Warning:  error_log() expects parameter 1 to be string, array given in /Users/user/www/projects/weapp/live/catalog/controller/rest/simple_confirm.php on line 452
2018-09-21 7:47:20 - PHP Warning:  error_log() expects parameter 1 to be string, array given in /Users/user/www/projects/weapp/live/catalog/controller/rest/simple_confirm.php on line 452
2018-09-21 7:55:22 - PHP Warning:  unlink(/Users/user/www/projects/weapp/live/storage/cache/cache.catalog.language.1537520122): No such file or directory in /Users/user/www/projects/weapp/live/system/library/cache/file.php on line 68
2018-09-21 7:55:22 - PHP Warning:  Cannot modify header information - headers already sent by (output started at /Users/user/www/projects/weapp/live/system/framework.php:42) in /Users/user/www/projects/weapp/live/catalog/controller/startup/startup.php on line 99
2018-09-21 7:55:22 - PHP Warning:  Cannot modify header information - headers already sent by (output started at /Users/user/www/projects/weapp/live/system/framework.php:42) in /Users/user/www/projects/weapp/live/catalog/controller/startup/startup.php on line 157
2018-09-21 7:55:22 - PHP Warning:  unlink(/Users/user/www/projects/weapp/live/storage/cache/cache.catalog.language.1537520122): No such file or directory in /Users/user/www/projects/weapp/live/system/library/cache/file.php on line 68
2018-09-21 7:57:09 - PHP Notice:  Undefined index: order_id in /Users/user/www/projects/weapp/live/catalog/controller/rest/simple_confirm.php on line 374
2018-09-21 7:57:09 - PHP Warning:  error_log() expects parameter 1 to be string, array given in /Users/user/www/projects/weapp/live/catalog/controller/rest/simple_confirm.php on line 452
2018-09-21 7:57:21 - PHP Warning:  error_log() expects parameter 1 to be string, array given in /Users/user/www/projects/weapp/live/catalog/controller/rest/simple_confirm.php on line 452
2018-09-21 8:14:02 - PHP Warning:  unlink(/Users/user/www/projects/weapp/live/storage/cache/cache.store.1537516700): No such file or directory in /Users/user/www/projects/weapp/live/system/library/cache/file.php on line 17
2018-09-21 8:14:02 - PHP Warning:  unlink(/Users/user/www/projects/weapp/live/storage/cache/cache.store.1537516700): No such file or directory in /Users/user/www/projects/weapp/live/system/library/cache/file.php on line 17
2018-09-21 8:14:02 - PHP Warning:  Cannot modify header information - headers already sent by (output started at /Users/user/www/projects/weapp/live/system/framework.php:42) in /Users/user/www/projects/weapp/live/catalog/controller/startup/session.php on line 25
2018-09-21 8:14:02 - PHP Warning:  Cannot modify header information - headers already sent by (output started at /Users/user/www/projects/weapp/live/system/framework.php:42) in /Users/user/www/projects/weapp/live/catalog/controller/startup/session.php on line 25
2018-09-21 8:14:02 - PHP Warning:  Cannot modify header information - headers already sent by (output started at /Users/user/www/projects/weapp/live/system/framework.php:42) in /Users/user/www/projects/weapp/live/catalog/controller/startup/startup.php on line 99
2018-09-21 8:14:02 - PHP Warning:  Cannot modify header information - headers already sent by (output started at /Users/user/www/projects/weapp/live/system/framework.php:42) in /Users/user/www/projects/weapp/live/catalog/controller/startup/startup.php on line 99
2018-09-21 8:14:02 - PHP Warning:  Cannot modify header information - headers already sent by (output started at /Users/user/www/projects/weapp/live/system/framework.php:42) in /Users/user/www/projects/weapp/live/catalog/controller/startup/startup.php on line 157
2018-09-21 8:14:02 - PHP Warning:  Cannot modify header information - headers already sent by (output started at /Users/user/www/projects/weapp/live/system/framework.php:42) in /Users/user/www/projects/weapp/live/catalog/controller/startup/startup.php on line 157
2018-09-21 8:27:03 - PHP Notice:  Undefined index: order_id in /Users/user/www/projects/weapp/live/catalog/controller/rest/simple_confirm.php on line 374
2018-09-21 8:27:03 - PHP Warning:  error_log() expects parameter 1 to be string, array given in /Users/user/www/projects/weapp/live/catalog/controller/rest/simple_confirm.php on line 452
2018-09-21 8:27:06 - PHP Warning:  error_log() expects parameter 1 to be string, array given in /Users/user/www/projects/weapp/live/catalog/controller/rest/simple_confirm.php on line 452
2018-09-21 8:30:15 - PHP Warning:  unlink(/Users/user/www/projects/weapp/live/storage/cache/cache.catalog.language.1537522215): No such file or directory in /Users/user/www/projects/weapp/live/system/library/cache/file.php on line 68
2018-09-21 8:50:05 - PHP Warning:  error_log() expects parameter 1 to be string, array given in /Users/user/www/projects/weapp/live/catalog/controller/rest/simple_confirm.php on line 452
2018-09-21 8:50:13 - PHP Warning:  error_log() expects parameter 1 to be string, array given in /Users/user/www/projects/weapp/live/catalog/controller/rest/simple_confirm.php on line 452
2018-09-22 10:13:49 - PHP Warning:  error_log() expects parameter 1 to be string, array given in /Users/user/www/projects/weapp/live/catalog/controller/rest/simple_confirm.php on line 452
2018-09-22 10:18:21 - PHP Warning:  unlink(/Users/user/www/projects/weapp/live/storage/cache/cache.catalog.language.1537615101): No such file or directory in /Users/user/www/projects/weapp/live/system/library/cache/file.php on line 68
2018-09-22 10:18:21 - PHP Warning:  Cannot modify header information - headers already sent by (output started at /Users/user/www/projects/weapp/live/system/framework.php:42) in /Users/user/www/projects/weapp/live/catalog/controller/startup/startup.php on line 99
2018-09-22 10:18:21 - PHP Warning:  Cannot modify header information - headers already sent by (output started at /Users/user/www/projects/weapp/live/system/framework.php:42) in /Users/user/www/projects/weapp/live/catalog/controller/startup/startup.php on line 157
2018-09-22 10:20:56 - PHP Notice:  Undefined index: order_id in /Users/user/www/projects/weapp/live/catalog/controller/rest/simple_confirm.php on line 110
2018-09-22 10:20:56 - PHP Notice:  Undefined index: order_id in /Users/user/www/projects/weapp/live/catalog/controller/rest/simple_confirm.php on line 377
2018-09-22 10:20:56 - PHP Warning:  error_log() expects parameter 1 to be string, array given in /Users/user/www/projects/weapp/live/catalog/controller/rest/simple_confirm.php on line 455
2018-09-22 10:21:04 - PHP Notice:  Undefined index: order_id in /Users/user/www/projects/weapp/live/catalog/controller/rest/simple_confirm.php on line 110
2018-09-22 10:21:04 - PHP Notice:  Undefined index: order_id in /Users/user/www/projects/weapp/live/catalog/controller/rest/simple_confirm.php on line 377
2018-09-22 10:21:04 - PHP Warning:  error_log() expects parameter 1 to be string, array given in /Users/user/www/projects/weapp/live/catalog/controller/rest/simple_confirm.php on line 455
2018-09-22 10:21:06 - PHP Warning:  error_log() expects parameter 1 to be string, array given in /Users/user/www/projects/weapp/live/catalog/controller/rest/simple_confirm.php on line 73
2018-09-22 10:30:42 - PHP Notice:  Undefined index: order_id in /Users/user/www/projects/weapp/live/catalog/controller/rest/simple_confirm.php on line 110
2018-09-22 10:30:42 - PHP Notice:  Undefined index: order_id in /Users/user/www/projects/weapp/live/catalog/controller/rest/simple_confirm.php on line 377
2018-09-22 10:30:42 - PHP Warning:  error_log() expects parameter 1 to be string, array given in /Users/user/www/projects/weapp/live/catalog/controller/rest/simple_confirm.php on line 455
2018-09-22 10:30:45 - PHP Notice:  Undefined index: order_id in /Users/user/www/projects/weapp/live/catalog/controller/rest/simple_confirm.php on line 110
2018-09-22 10:30:45 - PHP Notice:  Undefined index: order_id in /Users/user/www/projects/weapp/live/catalog/controller/rest/simple_confirm.php on line 377
2018-09-22 10:30:45 - PHP Warning:  error_log() expects parameter 1 to be string, array given in /Users/user/www/projects/weapp/live/catalog/controller/rest/simple_confirm.php on line 455
2018-09-22 10:30:46 - PHP Warning:  error_log() expects parameter 1 to be string, array given in /Users/user/www/projects/weapp/live/catalog/controller/rest/simple_confirm.php on line 73
2018-09-22 10:31:23 - PHP Notice:  Undefined index: order_id in /Users/user/www/projects/weapp/live/catalog/controller/rest/simple_confirm.php on line 110
2018-09-22 10:31:23 - PHP Notice:  Undefined index: order_id in /Users/user/www/projects/weapp/live/catalog/controller/rest/simple_confirm.php on line 377
2018-09-22 10:31:23 - PHP Warning:  error_log() expects parameter 1 to be string, array given in /Users/user/www/projects/weapp/live/catalog/controller/rest/simple_confirm.php on line 455
2018-09-22 10:31:26 - PHP Notice:  Undefined index: order_id in /Users/user/www/projects/weapp/live/catalog/controller/rest/simple_confirm.php on line 110
2018-09-22 10:31:27 - PHP Notice:  Undefined index: order_id in /Users/user/www/projects/weapp/live/catalog/controller/rest/simple_confirm.php on line 377
2018-09-22 10:31:27 - PHP Warning:  error_log() expects parameter 1 to be string, array given in /Users/user/www/projects/weapp/live/catalog/controller/rest/simple_confirm.php on line 455
2018-09-22 10:31:28 - PHP Warning:  error_log() expects parameter 1 to be string, array given in /Users/user/www/projects/weapp/live/catalog/controller/rest/simple_confirm.php on line 73
2018-09-22 10:36:42 - PHP Warning:  unlink(/Users/user/www/projects/weapp/live/storage/cache/cache.catalog.language.1537616202): No such file or directory in /Users/user/www/projects/weapp/live/system/library/cache/file.php on line 68
2018-09-22 10:36:42 - PHP Warning:  Cannot modify header information - headers already sent by (output started at /Users/user/www/projects/weapp/live/system/framework.php:42) in /Users/user/www/projects/weapp/live/catalog/controller/startup/startup.php on line 99
2018-09-22 10:36:42 - PHP Warning:  Cannot modify header information - headers already sent by (output started at /Users/user/www/projects/weapp/live/system/framework.php:42) in /Users/user/www/projects/weapp/live/catalog/controller/startup/startup.php on line 157
2018-09-22 10:38:44 - PHP Notice:  Undefined index: order_id in /Users/user/www/projects/weapp/live/catalog/controller/rest/simple_confirm.php on line 380
2018-09-22 10:38:44 - PHP Warning:  error_log() expects parameter 1 to be string, array given in /Users/user/www/projects/weapp/live/catalog/controller/rest/simple_confirm.php on line 458
2018-09-22 10:39:00 - PHP Warning:  error_log() expects parameter 1 to be string, array given in /Users/user/www/projects/weapp/live/catalog/controller/rest/simple_confirm.php on line 458
2018-09-22 10:39:02 - PHP Warning:  error_log() expects parameter 1 to be string, array given in /Users/user/www/projects/weapp/live/catalog/controller/rest/simple_confirm.php on line 73
2018-09-22 10:39:08 - PHP Notice:  Undefined index: order_id in /Users/user/www/projects/weapp/live/catalog/controller/rest/simple_confirm.php on line 101
2018-09-22 10:43:28 - PHP Warning:  unlink(/Users/user/www/projects/weapp/live/storage/cache/cache.catalog.language.1537616405): No such file or directory in /Users/user/www/projects/weapp/live/system/library/cache/file.php on line 68
2018-09-22 10:43:28 - PHP Warning:  Cannot modify header information - headers already sent by (output started at /Users/user/www/projects/weapp/live/system/framework.php:42) in /Users/user/www/projects/weapp/live/catalog/controller/startup/startup.php on line 99
2018-09-22 10:43:28 - PHP Warning:  Cannot modify header information - headers already sent by (output started at /Users/user/www/projects/weapp/live/system/framework.php:42) in /Users/user/www/projects/weapp/live/catalog/controller/startup/startup.php on line 157
2018-09-22 10:43:29 - PHP Warning:  unlink(/Users/user/www/projects/weapp/live/storage/cache/cache.catalog.language.1537616608): No such file or directory in /Users/user/www/projects/weapp/live/system/library/cache/file.php on line 68
2018-09-22 10:44:16 - PHP Warning:  error_log() expects parameter 1 to be string, array given in /Users/user/www/projects/weapp/live/catalog/controller/rest/simple_confirm.php on line 458
2018-09-22 10:44:19 - PHP Warning:  error_log() expects parameter 1 to be string, array given in /Users/user/www/projects/weapp/live/catalog/controller/rest/simple_confirm.php on line 458
2018-09-22 10:44:20 - PHP Notice:  Undefined index: order_id in /Users/user/www/projects/weapp/live/catalog/controller/rest/simple_confirm.php on line 101
2018-09-22 10:46:21 - PHP Warning:  error_log() expects parameter 1 to be string, array given in /Users/user/www/projects/weapp/live/catalog/controller/rest/simple_confirm.php on line 458
2018-09-22 10:46:43 - PHP Warning:  error_log() expects parameter 1 to be string, array given in /Users/user/www/projects/weapp/live/catalog/controller/rest/simple_confirm.php on line 458
2018-09-22 10:46:44 - PHP Notice:  Undefined index: order_id in /Users/user/www/projects/weapp/live/catalog/controller/rest/simple_confirm.php on line 101
2018-09-22 10:52:31 - PHP Warning:  error_log() expects parameter 1 to be string, array given in /Users/user/www/projects/weapp/live/catalog/controller/rest/simple_confirm.php on line 458
2018-09-22 10:52:34 - PHP Warning:  error_log() expects parameter 1 to be string, array given in /Users/user/www/projects/weapp/live/catalog/controller/rest/simple_confirm.php on line 458
2018-09-22 10:52:35 - PHP Notice:  Undefined index: order_id in /Users/user/www/projects/weapp/live/catalog/controller/rest/simple_confirm.php on line 101
2018-09-22 10:56:11 - PHP Warning:  unlink(/Users/user/www/projects/weapp/live/storage/cache/cache.catalog.language.1537617155): No such file or directory in /Users/user/www/projects/weapp/live/system/library/cache/file.php on line 68
2018-09-22 10:56:11 - PHP Warning:  Cannot modify header information - headers already sent by (output started at /Users/user/www/projects/weapp/live/system/framework.php:42) in /Users/user/www/projects/weapp/live/catalog/controller/startup/startup.php on line 99
2018-09-22 10:56:11 - PHP Warning:  Cannot modify header information - headers already sent by (output started at /Users/user/www/projects/weapp/live/system/framework.php:42) in /Users/user/www/projects/weapp/live/catalog/controller/startup/startup.php on line 157
2018-09-22 10:57:25 - PHP Warning:  error_log() expects parameter 1 to be string, array given in /Users/user/www/projects/weapp/live/catalog/controller/rest/simple_confirm.php on line 458
2018-09-22 10:57:28 - PHP Warning:  error_log() expects parameter 1 to be string, array given in /Users/user/www/projects/weapp/live/catalog/controller/rest/simple_confirm.php on line 458
2018-09-22 10:57:29 - PHP Notice:  Undefined index: order_id in /Users/user/www/projects/weapp/live/catalog/controller/rest/simple_confirm.php on line 101
2018-09-22 11:12:01 - PHP Warning:  error_log() expects parameter 1 to be string, array given in /Users/user/www/projects/weapp/live/catalog/controller/rest/simple_confirm.php on line 456
2018-09-22 11:12:06 - PHP Warning:  error_log() expects parameter 1 to be string, array given in /Users/user/www/projects/weapp/live/catalog/controller/rest/simple_confirm.php on line 73
2018-09-22 11:14:02 - PHP Warning:  error_log() expects parameter 1 to be string, array given in /Users/user/www/projects/weapp/live/catalog/controller/rest/simple_confirm.php on line 456
2018-09-22 11:14:05 - PHP Warning:  error_log() expects parameter 1 to be string, array given in /Users/user/www/projects/weapp/live/catalog/controller/rest/simple_confirm.php on line 73
2018-09-22 11:19:46 - PHP Warning:  unlink(/Users/user/www/projects/weapp/live/storage/cache/cache.catalog.language.1537618786): No such file or directory in /Users/user/www/projects/weapp/live/system/library/cache/file.php on line 68
2018-09-22 11:19:46 - PHP Warning:  Cannot modify header information - headers already sent by (output started at /Users/user/www/projects/weapp/live/system/framework.php:42) in /Users/user/www/projects/weapp/live/catalog/controller/startup/startup.php on line 99
2018-09-22 11:19:46 - PHP Warning:  Cannot modify header information - headers already sent by (output started at /Users/user/www/projects/weapp/live/system/framework.php:42) in /Users/user/www/projects/weapp/live/catalog/controller/startup/startup.php on line 157
2018-09-22 11:28:21 - PHP Warning:  error_log() expects parameter 1 to be string, array given in /Users/user/www/projects/weapp/live/catalog/controller/rest/simple_confirm.php on line 456
2018-09-22 11:28:27 - PHP Warning:  error_log() expects parameter 1 to be string, array given in /Users/user/www/projects/weapp/live/catalog/controller/rest/simple_confirm.php on line 73
2018-09-22 11:36:03 - PHP Warning:  unlink(/Users/user/www/projects/weapp/live/storage/cache/cache.catalog.language.1537619763): No such file or directory in /Users/user/www/projects/weapp/live/system/library/cache/file.php on line 68
2018-09-22 11:36:03 - PHP Warning:  Cannot modify header information - headers already sent by (output started at /Users/user/www/projects/weapp/live/system/framework.php:42) in /Users/user/www/projects/weapp/live/catalog/controller/startup/startup.php on line 99
2018-09-22 11:36:03 - PHP Warning:  Cannot modify header information - headers already sent by (output started at /Users/user/www/projects/weapp/live/system/framework.php:42) in /Users/user/www/projects/weapp/live/catalog/controller/startup/startup.php on line 157
2018-09-22 11:36:57 - PHP Warning:  error_log() expects parameter 1 to be string, array given in /Users/user/www/projects/weapp/live/catalog/controller/rest/simple_confirm.php on line 456
2018-09-22 11:37:09 - PHP Warning:  error_log() expects parameter 1 to be string, array given in /Users/user/www/projects/weapp/live/catalog/controller/rest/simple_confirm.php on line 73
2018-09-22 11:42:02 - PHP Warning:  error_log() expects parameter 1 to be string, array given in /Users/user/www/projects/weapp/live/catalog/controller/rest/simple_confirm.php on line 456
2018-09-22 11:42:06 - PHP Warning:  error_log() expects parameter 1 to be string, array given in /Users/user/www/projects/weapp/live/catalog/controller/rest/simple_confirm.php on line 73
2018-09-22 11:44:27 - PHP Warning:  error_log() expects parameter 1 to be string, array given in /Users/user/www/projects/weapp/live/catalog/controller/rest/simple_confirm.php on line 456
2018-09-22 11:44:53 - PHP Warning:  error_log() expects parameter 1 to be string, array given in /Users/user/www/projects/weapp/live/catalog/controller/rest/simple_confirm.php on line 73
2018-09-22 11:48:11 - PHP Warning:  unlink(/Users/user/www/projects/weapp/live/storage/cache/cache.catalog.language.1537620491): No such file or directory in /Users/user/www/projects/weapp/live/system/library/cache/file.php on line 68
2018-09-22 11:48:11 - PHP Warning:  Cannot modify header information - headers already sent by (output started at /Users/user/www/projects/weapp/live/system/framework.php:42) in /Users/user/www/projects/weapp/live/catalog/controller/startup/startup.php on line 99
2018-09-22 11:48:11 - PHP Warning:  Cannot modify header information - headers already sent by (output started at /Users/user/www/projects/weapp/live/system/framework.php:42) in /Users/user/www/projects/weapp/live/catalog/controller/startup/startup.php on line 157
2018-09-22 11:48:58 - PHP Warning:  error_log() expects parameter 1 to be string, array given in /Users/user/www/projects/weapp/live/catalog/controller/rest/simple_confirm.php on line 456
2018-09-22 11:49:03 - PHP Warning:  error_log() expects parameter 1 to be string, array given in /Users/user/www/projects/weapp/live/catalog/controller/rest/simple_confirm.php on line 73
2018-09-23 10:12:42 - PHP Warning:  unlink(/Users/user/www/projects/weapp/live/storage/cache/cache.catalog.language.1537701161): No such file or directory in /Users/user/www/projects/weapp/live/system/library/cache/file.php on line 68
2018-09-23 10:15:04 - PHP Warning:  error_log() expects parameter 1 to be string, array given in /Users/user/www/projects/weapp/live/catalog/controller/rest/simple_confirm.php on line 460
2018-09-24 10:37:59 - PHP Warning:  unlink(/Users/user/www/projects/weapp/live/storage/cache/cache.catalog.language.1537789079): No such file or directory in /Users/user/www/projects/weapp/live/system/library/cache/file.php on line 68
2018-09-24 10:37:59 - PHP Warning:  Cannot modify header information - headers already sent by (output started at /Users/user/www/projects/weapp/live/system/framework.php:42) in /Users/user/www/projects/weapp/live/storage/modification/catalog/controller/startup/startup.php on line 99
2018-09-24 10:37:59 - PHP Warning:  Cannot modify header information - headers already sent by (output started at /Users/user/www/projects/weapp/live/system/framework.php:42) in /Users/user/www/projects/weapp/live/storage/modification/catalog/controller/startup/startup.php on line 157
2018-09-24 10:44:49 - PHP Warning:  unlink(/Users/user/www/projects/weapp/live/storage/cache/cache.catalog.language.1537789488): No such file or directory in /Users/user/www/projects/weapp/live/system/library/cache/file.php on line 68
2018-09-24 10:44:49 - PHP Warning:  Cannot modify header information - headers already sent by (output started at /Users/user/www/projects/weapp/live/system/framework.php:42) in /Users/user/www/projects/weapp/live/storage/modification/catalog/controller/startup/startup.php on line 99
2018-09-24 10:44:49 - PHP Warning:  Cannot modify header information - headers already sent by (output started at /Users/user/www/projects/weapp/live/system/framework.php:42) in /Users/user/www/projects/weapp/live/storage/modification/catalog/controller/startup/startup.php on line 157
2018-09-24 10:55:23 - PHP Warning:  error_log() expects parameter 1 to be string, array given in /Users/user/www/projects/weapp/live/catalog/controller/rest/simple_confirm.php on line 460
2018-09-24 10:57:26 - PHP Warning:  error_log() expects parameter 1 to be string, array given in /Users/user/www/projects/weapp/live/catalog/controller/rest/simple_confirm.php on line 77
